<?xml version="1.0" encoding="UTF-8"?>
<!-- Generated by org.testng.reporters.JUnitReportReporter -->
<testsuite hostname="SF-CPU-102" failures="0" tests="1" name="TestCases.loginUser" time="1.183" errors="0" timestamp="2025-03-31T16:50:39 IST" skipped="0">
  <testcase classname="TestCases.loginUser" name="testLogin" time="1.183"/>
  <system-out/>
</testsuite> <!-- TestCases.loginUser -->
