<?xml version="1.0" encoding="UTF-8"?>
<!-- Generated by org.testng.reporters.JUnitReportReporter -->
<testsuite hostname="SF-CPU-102" failures="0" tests="1" name="TestCases.trialRegi" time="1.223" errors="0" timestamp="2025-04-03T17:42:05 IST" skipped="0">
  <testcase classname="TestCases.trialRegi" name="registerCustomer" time="1.223"/>
  <system-out/>
</testsuite> <!-- TestCases.trialRegi -->
