<?xml version="1.0" encoding="UTF-8"?>
<!-- Generated by org.testng.reporters.JUnitReportReporter -->
<testsuite hostname="SF-CPU-102" failures="0" tests="1" name="TestCases.trialRegi" time="0.887" errors="0" timestamp="2025-04-02T16:40:16 IST" skipped="0">
  <testcase classname="TestCases.trialRegi" name="registerCustomer" time="0.887"/>
  <system-out/>
</testsuite> <!-- TestCases.trialRegi -->
