<?xml version="1.0" encoding="UTF-8"?>
<!-- Generated by org.testng.reporters.JUnitReportReporter -->
<testsuite hostname="SF-CPU-102" failures="0" tests="1" name="TestCases.LoginUser" time="1.230" errors="0" timestamp="2025-04-03T15:19:10 IST" skipped="0">
  <testcase classname="TestCases.LoginUser" name="testLogin" time="1.230"/>
  <system-out/>
</testsuite> <!-- TestCases.LoginUser -->
