<?xml version="1.0" encoding="UTF-8"?>
<!-- Generated by org.testng.reporters.JUnitReportReporter -->
<testsuite hostname="SF-CPU-102" failures="0" tests="13" name="TestCases.CustomerRegistration" time="1.895" errors="0" timestamp="2025-04-02T16:16:27 IST" skipped="0">
  <testcase classname="TestCases.CustomerRegistration" name="registerCustomer" time="0.060"/>
  <system-out/>
  <testcase classname="TestCases.CustomerRegistration" name="registerCustomer" time="0.054"/>
  <system-out/>
  <testcase classname="TestCases.CustomerRegistration" name="registerCustomer" time="0.059"/>
  <system-out/>
  <testcase classname="TestCases.CustomerRegistration" name="registerCustomer" time="0.062"/>
  <system-out/>
  <testcase classname="TestCases.CustomerRegistration" name="registerCustomer" time="0.058"/>
  <system-out/>
  <testcase classname="TestCases.CustomerRegistration" name="registerCustomer" time="1.002"/>
  <system-out/>
  <testcase classname="TestCases.CustomerRegistration" name="registerCustomer" time="0.058"/>
  <system-out/>
  <testcase classname="TestCases.CustomerRegistration" name="registerCustomer" time="0.055"/>
  <system-out/>
  <testcase classname="TestCases.CustomerRegistration" name="registerCustomer" time="0.057"/>
  <system-out/>
  <testcase classname="TestCases.CustomerRegistration" name="registerCustomer" time="0.054"/>
  <system-out/>
  <testcase classname="TestCases.CustomerRegistration" name="registerCustomer" time="0.054"/>
  <system-out/>
  <testcase classname="TestCases.CustomerRegistration" name="registerCustomer" time="0.065"/>
  <system-out/>
  <testcase classname="TestCases.CustomerRegistration" name="registerCustomer" time="0.257"/>
  <system-out/>
</testsuite> <!-- TestCases.CustomerRegistration -->
